<?xml version="1.0" encoding="UTF-8"?>
<!-- Generated by org.testng.reporters.JUnitReportReporter -->
<testsuite hostname="DESKTOP-IV3ODND" failures="0" tests="1" name="MyTest" time="0.006" errors="0" timestamp="2023-05-07T15:34:16 CEST" skipped="0">
  <testcase classname="MyTest" name="testAddition" time="0.006"/>
  <system-out/>
</testsuite> <!-- MyTest -->
